<?xml version="1.0" encoding="UTF-8"?>
<testng-results ignored="0" total="1" passed="1" failed="0" skipped="0">
  <reporter-output>
  </reporter-output>
  <suite started-at="2026-05-12T21:08:37 IST" name="Default suite" finished-at="2026-05-12T21:08:39 IST" duration-ms="1834">
    <groups>
    </groups>
    <test started-at="2026-05-12T21:08:37 IST" name="Default test" finished-at="2026-05-12T21:08:39 IST" duration-ms="1834">
      <class name="GET_Practice.SchemaTest">
        <test-method is-config="true" signature="setUp()[pri:0, instance:GET_Practice.SchemaTest@59474f18]" started-at="2026-05-12T21:08:37 IST" name="setUp" finished-at="2026-05-12T21:08:38 IST" duration-ms="430" status="PASS">
          <reporter-output>
          </reporter-output>
        </test-method> <!-- setUp -->
        <test-method signature="testsingleUserSchema()[pri:0, instance:GET_Practice.SchemaTest@59474f18]" started-at="2026-05-12T21:08:38 IST" name="testsingleUserSchema" finished-at="2026-05-12T21:08:39 IST" duration-ms="1362" status="PASS">
          <reporter-output>
          </reporter-output>
        </test-method> <!-- testsingleUserSchema -->
      </class> <!-- GET_Practice.SchemaTest -->
    </test> <!-- Default test -->
  </suite> <!-- Default suite -->
</testng-results>
